<?xml version="1.0" encoding="UTF-8"?>
<!-- Generated by org.testng.reporters.JUnitXMLReporter -->
<testsuite ignored="0" hostname="DESKTOP-OLMI7T4" failures="1" tests="3" name="Test" time="0.154" errors="0" timestamp="2023-10-26T12:26:00 MST">
  <testcase classname="testcase.Test2" name="doLogin" time="0.021"/>
  <testcase classname="testcase.Test2" name="doUserReg" time="0.007">
    <failure type="java.lang.AssertionError" message="User Reg Test Failed">
      <![CDATA[java.lang.AssertionError: User Reg Test Failed
at testcase.Test2.doUserReg(Test2.java:15)
at java.base/java.util.ArrayList.forEach(ArrayList.java:1511)
... Removed 28 stack frames]]>
    </failure>
  </testcase> <!-- doUserReg -->
  <testcase classname="testcase.Test2" name="isSkip" time="0.011">
    <skipped/>
  </testcase> <!-- isSkip -->
</testsuite> <!-- Test -->
